[2025-10-03 13:01:20] [TRACE]   [OmnipathR] Reading JSON from `/home/acari/.cache/OmnipathR/cache.json` (encoding: UTF-8).
[2025-10-03 13:01:20] [TRACE]   [OmnipathR] JSON validation successful: TRUE
[2025-10-03 13:01:20] [INFO]    [OmnipathR] Initialized cache: `/home/acari/.cache/OmnipathR`.
[2025-10-03 13:01:20] [INFO]    [OmnipathR] Package `OmnipathR` packaged: 2025-09-03 23:07:57 UTC; biocbuild
[2025-10-03 13:01:20] [INFO]    [OmnipathR] Package `OmnipathR` date/publication: 2025-09-03
[2025-10-03 13:01:20] [INFO]    [OmnipathR] Package `OmnipathR` built: R 4.5.1; ; 2025-10-03 09:58:35 UTC; unix
[2025-10-03 13:01:20] [INFO]    [OmnipathR] Package `OmnipathR` version: 3.16.2
[2025-10-03 13:01:20] [INFO]    [OmnipathR] Package `OmnipathR` repository: Bioconductor 3.21
[2025-10-03 13:01:20] [INFO]    [OmnipathR] Session info: [version=R version 4.5.1 (2025-06-13); os=Pop!_OS 22.04 LTS; system=x86_64, linux-gnu; ui=RStudio; language=(EN); collate=en_US.UTF-8; ctype=en_US.UTF-8; tz=Europe/Moscow; date=2025-10-03; rstudio=2025.05.1+513 Mariposa Orchid (desktop); pandoc=3.4 @ /usr/lib/rstudio/resources/app/bin/quarto/bin/tools/x86_64/ (via rmarkdown); quarto=1.6.42 @ /usr/lib/rstudio/resources/app/bin/quarto/bin/quarto]
[2025-10-03 13:01:21] [INFO]    [OmnipathR] External libraries: [cairo=1.16.0; cairoFT=; pango=1.50.6; png=1.6.37; jpeg=8.0; tiff=LIBTIFF, Version 4.3.0; tcl=8.6.12; curl=7.81.0; zlib=1.2.11; bzlib=1.0.8, 13-Jul-2019; xz=5.4.1; deflate=1.10; PCRE=10.39 2021-10-29; ICU=70.1; TRE=TRE 0.8.0 R_fixes (BSD); iconv=glibc 2.35; readline=8.1; BLAS=/usr/lib/x86_64-linux-gnu/blas/libblas.so.3.10.0; lapack=/usr/lib/x86_64-linux-gnu/lapack/liblapack.so.3.10.0; lapack_version=3.10.0]
[2025-10-03 13:01:21] [INFO]    [OmnipathR] Loaded packages: abind 1.4-8(2024-09-12); annotate 1.86.1(2025-06-22); AnnotationDbi 1.70.0(2025-04-15); backports 1.5.0(2024-05-23); base64enc 0.1-3(2015-07-28); Biobase 2.68.0(2025-04-15); BiocGenerics 0.54.0(2025-04-15); BiocParallel 1.42.2(2025-09-14); BioNERO 1.16.3(2025-09-21); Biostrings 2.76.0(2025-04-15); bit 4.6.0(2025-03-06); bit64 4.6.0-1(2025-01-16); blob 1.2.4(2023-03-17); cachem 1.1.0(2024-05-16); cellranger 1.1.0(2016-07-27); checkmate 2.3.3(2025-08-18); circlize 0.4.16(2024-02-20); cli 3.6.5(2025-04-23); clue 0.3-66(2024-11-13); cluster 2.1.8.1(2025-03-12); coda 0.19-4.1(2024-01-31); codetools 0.2-20(2024-03-31); colorspace 2.1-2(2025-09-22); ComplexHeatmap 2.24.1(2025-06-25); cowplot 1.2.0(2025-07-07); crayon 1.5.3(2024-06-20); curl 7.0.0(2025-08-19); data.table 1.17.8(2025-07-10); DBI 1.2.3(2024-06-02); decoupleR 2.14.0(2025-04-15); DelayedArray 0.34.1(2025-04-17); DESeq2 1.48.2(2025-08-27); dichromat 2.0-0.1(2022-05-02); digest 0.6.37(2024-08-19); distributional 0.5.0(2024-09-17); doParallel 1.0.17(2022-02-07); DOSE 4.2.0(2025-04-15); dplyr 1.1.4(2023-11-17); dynamicTreeCut 1.63-1(2016-03-11); edgeR 4.6.3(2025-07-09); evaluate 1.0.5(2025-08-27); factoextra 1.0.7(2020-04-01); farver 2.1.2(2024-05-13); fastcluster 1.3.0(2025-05-07); fastmap 1.2.0(2024-05-15); fastmatch 1.1-6(2024-12-23); fgsea 1.34.2(2025-07-13); foreach 1.5.2(2022-02-02); foreign 0.8-90(2025-03-31); Formula 1.2-5(2023-02-24); fs 1.6.6(2025-04-12); genefilter 1.90.0(2025-04-15); generics 0.1.4(2025-05-09); GENIE3 1.30.0(2025-04-15); GenomeInfoDb 1.44.3(2025-09-21); GenomeInfoDbData 1.2.14(2025-04-16); GenomicRanges 1.60.0(2025-04-15); GetoptLong 1.0.5(2020-12-15); ggdendro 0.2.0(2024-02-23); ggdist 3.3.3(2025-04-23); ggnetwork 0.5.14(2025-09-10); ggplot2 4.0.0(2025-09-11); ggrepel 0.9.6(2024-09-07); GlobalOptions 0.1.2(2020-06-10); glue 1.8.0(2024-09-30); GO.db 3.21.0(2025-04-18); GOSemSim 2.34.0(2025-04-15); gridExtra 2.3(2017-09-09); gtable 0.3.6(2024-10-25); Hmisc 5.2-3(2025-03-16); hms 1.1.3(2023-03-21); htmlTable 2.4.3(2024-07-21); htmltools 0.5.8.1(2024-04-04); htmlwidgets 1.6.4(2023-12-06); httr 1.4.7(2023-08-15); httr2 1.2.1(2025-07-22); igraph 2.1.4(2025-01-23); impute 1.82.0(2025-04-15); intergraph 2.0-4(2024-02-01); IRanges 2.42.0(2025-04-15); iterators 1.0.14(2022-02-05); jsonlite 2.0.0(2025-03-27); KEGGREST 1.48.1(2025-06-22); knitr 1.50(2025-03-16); later 1.4.4(2025-08-27); lattice 0.22-7(2025-04-02); lifecycle 1.0.4(2023-11-07); limma 3.64.3(2025-08-03); locfit 1.5-9.12(2025-03-05); logger 0.4.1(2025-09-11); lubridate 1.9.4(2024-12-08); magrittr 2.0.4(2025-09-12); MASS 7.3-65(2025-02-28); Matrix 1.7-4(2025-08-28); MatrixGenerics 1.20.0(2025-04-15); matrixStats 1.5.0(2025-01-07); memoise 2.0.1(2021-11-26); mgcv 1.9-3(2025-04-04); minet 3.66.0(2025-04-15); NetRep 1.2.8(2025-07-28); network 1.19.0(2024-12-09); nlme 3.1-168(2025-03-31); nnet 7.3-20(2025-01-01); OmnipathR 3.16.2(2025-09-03); parallelly 1.45.1(2025-07-24); patchwork 1.3.2(2025-08-25); pheatmap 1.0.13(2025-06-05); pillar 1.11.1(2025-09-17); pkgconfig 2.0.3(2019-09-22); plyr 1.8.9(2023-10-02); png 0.1-8(2022-11-29); preprocessCore 1.70.0(2025-04-15); prettyunits 1.2.0(2023-09-24); progeny 1.30.0(2025-04-15); progress 1.2.3(2023-12-06); purrr 1.1.0(2025-07-10); qvalue 2.40.0(2025-04-15); R.methodsS3 1.8.2(2022-06-13); R.oo 1.27.1(2025-05-02); R.utils 2.13.0(2025-02-24); R6 2.6.1(2025-02-15); rappdirs 0.3.3(2021-01-31); RColorBrewer 1.1-3(2022-04-03); Rcpp 1.1.0(2025-07-02); readr 2.1.5(2024-01-10); readxl 1.4.5(2025-03-07); reshape2 1.4.4(2020-04-09); RhpcBLASctl 0.23-42(2023-02-11); rjson 0.2.23(2024-09-16); rlang 1.1.6(2025-04-11); rmarkdown 2.30(2025-09-28); rpart 4.1.24(2025-01-07); rsconnect 1.5.1(2025-08-28); RSQLite 2.4.3(2025-08-20); rstudioapi 0.17.1(2024-10-22); rvest 1.0.5(2025-08-29); S4Arrays 1.8.1(2025-06-01); S4Vectors 0.46.0(2025-04-15); S7 0.2.0(2024-11-07); scales 1.4.0(2025-04-24); sessioninfo 1.2.3(2025-02-05); shape 1.4.6.1(2024-02-23); sna 2.8(2024-09-08); SparseArray 1.8.1(2025-07-23); statmod 1.5.0(2023-01-06); statnet.common 4.12.0(2025-05-30); stringi 1.8.7(2025-03-27); stringr 1.5.2(2025-09-08); SummarizedExperiment 1.38.1(2025-04-30); survival 3.8-3(2024-12-17); sva 3.56.0(2025-04-15); tibble 3.3.0(2025-06-08); tidyr 1.3.1(2024-01-24); tidyselect 1.2.1(2024-03-11); timechange 0.3.0(2024-01-18); tzdb 0.5.0(2025-03-15); UCSC.utils 1.4.0(2025-04-15); vctrs 0.6.5(2023-12-01); WGCNA 1.73(2024-09-18); withr 3.0.2(2024-10-28); xfun 0.53(2025-08-19); XML 3.99-0.19(2025-08-22); xml2 1.4.0(2025-08-20); xtable 1.8-4(2019-04-21); XVector 0.48.0(2025-04-15); yaml 2.3.10(2024-07-26); yulab.utils 0.2.1(2025-08-19); zip 2.3.3(2025-05-13)
[2025-10-03 13:01:21] [INFO]    [OmnipathR] CURL: version: 7.81.0; headers: 7.81.0; ssl_version: OpenSSL/3.0.2; libz_version: 1.2.11; libssh_version: libssh/0.9.6/openssl/zlib; libidn_version: 2.3.2; host: x86_64-pc-linux-gnu; protocols: dict, file, ftp, ftps, gopher, gophers, http, https, imap, imaps, ldap, ldaps, mqtt, pop3, pop3s, rtmp, rtsp, scp, sftp, smb, smbs, smtp, smtps, telnet, tftp; ipv6: TRUE; http2: TRUE; idn: TRUE; url_parser: TRUE
[2025-10-03 13:01:21] [TRACE]   [OmnipathR] Reading JSON from `/home/acari/R/x86_64-pc-linux-gnu-library/4.5/OmnipathR/db/db_def.json` (encoding: UTF-8).
[2025-10-03 13:01:21] [TRACE]   [OmnipathR] JSON validation successful: TRUE
[2025-10-03 13:01:21] [TRACE]   [OmnipathR] Reading JSON from `/home/acari/R/x86_64-pc-linux-gnu-library/4.5/OmnipathR/internal/magic_bytes.json` (encoding: UTF-8).
[2025-10-03 13:01:21] [TRACE]   [OmnipathR] JSON validation successful: TRUE
[2025-10-03 13:01:21] [TRACE]   [OmnipathR] Reading JSON from `/home/acari/R/x86_64-pc-linux-gnu-library/4.5/OmnipathR/internal/urls.json` (encoding: UTF-8).
[2025-10-03 13:01:21] [TRACE]   [OmnipathR] JSON validation successful: TRUE
[2025-10-03 13:01:21] [TRACE]   [OmnipathR] Reading JSON from `/home/acari/R/x86_64-pc-linux-gnu-library/4.5/OmnipathR/internal/id_types.json` (encoding: UTF-8).
[2025-10-03 13:01:21] [TRACE]   [OmnipathR] JSON validation successful: TRUE
[2025-10-03 13:01:56] [TRACE]   [OmnipathR] Reading JSON from `https://omnipathdb.org/resources` (encoding: UTF-8).
[2025-10-03 13:01:56] [TRACE]   [OmnipathR] JSON validation successful: TRUE
[2025-10-03 13:01:56] [INFO]    [OmnipathR] Loading database `Ensembl and OMA organism names`.
[2025-10-03 13:01:56] [TRACE]   [OmnipathR] Reading JSON from `/home/acari/.cache/OmnipathR/cache.json` (encoding: UTF-8).
[2025-10-03 13:01:56] [TRACE]   [OmnipathR] JSON validation successful: TRUE
[2025-10-03 13:01:56] [INFO]    [OmnipathR] Looking up in cache `https://www.ensembl.org/info/about/species.html`: key=7332486db7400730697234bad76ca0c8e4d00799, no version available.
[2025-10-03 13:01:56] [TRACE]   [OmnipathR] Reading JSON from `/home/acari/.cache/OmnipathR/cache.json` (encoding: UTF-8).
[2025-10-03 13:01:56] [TRACE]   [OmnipathR] JSON validation successful: TRUE
[2025-10-03 13:01:56] [INFO]    [OmnipathR] Created new version for cache record 7332486db7400730697234bad76ca0c8e4d00799: version 1.
[2025-10-03 13:01:56] [TRACE]   [OmnipathR] Cache file path: /home/acari/.cache/OmnipathR/7332486db7400730697234bad76ca0c8e4d00799-1.html
[2025-10-03 13:01:56] [INFO]    [OmnipathR] Retrieving URL: `https://www.ensembl.org/info/about/species.html`
[2025-10-03 13:01:56] [TRACE]   [OmnipathR] Downloading by `httr2` in `download_base`.
[2025-10-03 13:01:56] [TRACE]   [OmnipathR] Attempt 1/3: `https://www.ensembl.org/info/about/species.html`
[2025-10-03 13:01:56] [TRACE]   [OmnipathR] Preparing httr2 request to URL `https://www.ensembl.org/info/about/species.html`.
[2025-10-03 13:01:56] [TRACE]   [OmnipathR] HTTP headers: [User-Agent=Mozilla/5.0 (X11; Linux x86_64; rv:134.0) Gecko/20100101 Firefox/134.0]
[2025-10-03 13:01:56] [TRACE]   [OmnipathR] The following curl options are not available: tcp_keepcnt
[2025-10-03 13:01:56] [TRACE]   [OmnipathR] Curl options: [connecttimeout=10,timeout=300,debugfunction=<function>,verbose=FALSE,tcp_keepalive=TRUE,tcp_keepintvl=10,tcp_keepidle=10,upkeep_interval_ms=30000,ssl_verifypeer=1,ssl_verifyhost=2]
[2025-10-03 13:01:56] [TRACE]   [OmnipathR] HTTP headers: [User-Agent=Mozilla/5.0 (X11; Linux x86_64; rv:134.0) Gecko/20100101 Firefox/134.0]
[2025-10-03 13:01:56] [TRACE]   [OmnipathR] Sending HTTP request.
[2025-10-03 13:01:57] [TRACE]   [OmnipathR] HTTP 200 (OK)
[2025-10-03 13:01:57] [TRACE]   [OmnipathR] HTTP v1 GET: status 200.
[2025-10-03 13:01:57] [TRACE]   [OmnipathR] Downloaded 31.5 Kb in 0.439043s from www.ensembl.org (71.7 Kb/s); Redirect: 0s, DNS look up: 0.047605s, Connection: 0.098263s, Pretransfer: 0.249562s, First byte at: 0.384333s
[2025-10-03 13:01:57] [TRACE]   [OmnipathR] HTTP headers: HTTP/1.1 200 OK; Date: Fri, 03 Oct 2025 10:01:57 GMT; Content-Type: text/html; charset=utf-8; Content-Length: 32213; Connection: keep-alive; Server: Apache; Set-cookie: redirect_mirror=; path=/; expires=Mon, 01-Jan-2001 00:00:01 GMT; Set-cookie: redirect_mirror=no; path=/; expires=Sat, 04 Oct 2025 10:01:57 GMT; Set-cookie: ENSEMBL_HINX_SESSION=d52d4b0561afcadc0c18ef86692eb9150f936d8b40ebaefded861a3d; path=/; expires=Thu, 31-Dec-2037 23:59:59 GMT; HttpOnly; Set-cookie: redirect_mirror=; path=/; expires=Mon, 01-Jan-2001 00:00:01 GMT; Set-cookie: redirect_mirror=no; path=/; expires=Sat, 04 Oct 2025 10:01:57 GMT; Set-cookie: ENSEMBL_HINX_SESSION=d52d4b0561afcadc0c18ef86692eb9150f936d8b40ebaefded861a3d; path=/; expires=Thu, 31-Dec-2037 23:59:59 GMT; HttpOnly; Vary: Accept-Encoding; Content-Encoding: gzip; X-Frame-Options: SAMEORIGIN; Content-Security-Policy: frame-ancestors 'self'; X-NGINX-MACHINE: wp-p1m2-35.ebi.ac.uk
[2025-10-03 13:01:57] [TRACE]   [OmnipathR] Response headers: [Date=Fri, 03 Oct 2025 10:01:57 GMT,Content-Type=text/html; charset=utf-8,Content-Length=32213,Connection=keep-alive,Server=Apache,Set-cookie=redirect_mirror=; path=/; expires=Mon, 01-Jan-2001 00:00:01 GMT,Set-cookie=redirect_mirror=no; path=/; expires=Sat, 04 Oct 2025 10:01:57 GMT,Set-cookie=ENSEMBL_HINX_SESSION=d52d4b0561afcadc0c18ef86692eb9150f936d8b40ebaefded861a3d; path=/; expires=Thu, 31-Dec-2037 23:59:59 GMT; HttpOnly,Set-cookie=redirect_mirror=; path=/; expires=Mon, 01-Jan-2001 00:00:01 GMT,Set-cookie=redirect_mirror=no; path=/; expires=Sat, 04 Oct 2025 10:01:57 GMT,Set-cookie=ENSEMBL_HINX_SESSION=d52d4b0561afcadc0c18ef86692eb9150f936d8b40ebaefded861a3d; path=/; expires=Thu, 31-Dec-2037 23:59:59 GMT; HttpOnly,Vary=Accept-Encoding,Content-Encoding=gzip,X-Frame-Options=SAMEORIGIN,Content-Security-Policy=frame-ancestors 'self',X-NGINX-MACHINE=wp-p1m2-35.ebi.ac.uk]
[2025-10-03 13:01:57] [INFO]    [OmnipathR] Download ready [key=7332486db7400730697234bad76ca0c8e4d00799, version=1]
[2025-10-03 13:01:57] [TRACE]   [OmnipathR] Reading JSON from `/home/acari/.cache/OmnipathR/cache.json` (encoding: UTF-8).
[2025-10-03 13:01:57] [TRACE]   [OmnipathR] JSON validation successful: TRUE
[2025-10-03 13:01:57] [INFO]    [OmnipathR] Cache item `7332486db7400730697234bad76ca0c8e4d00799` version 1: status changed from `unknown` to `ready`.
[2025-10-03 13:01:57] [TRACE]   [OmnipathR] Downloading by `generic_downloader`.
[2025-10-03 13:01:57] [TRACE]   [OmnipathR] Looking up in cache: `https://omabrowser.org/All/oma-species.txt`.
[2025-10-03 13:01:57] [INFO]    [OmnipathR] Cache record does not exist: `https://omabrowser.org/All/oma-species.txt`
[2025-10-03 13:01:57] [TRACE]   [OmnipathR] Could not find in cache, initiating download: `https://omabrowser.org/All/oma-species.txt`.
[2025-10-03 13:01:57] [TRACE]   [OmnipathR] Reading JSON from `/home/acari/.cache/OmnipathR/cache.json` (encoding: UTF-8).
[2025-10-03 13:01:57] [TRACE]   [OmnipathR] JSON validation successful: TRUE
[2025-10-03 13:01:57] [TRACE]   [OmnipathR] Reading JSON from `/home/acari/.cache/OmnipathR/cache.json` (encoding: UTF-8).
[2025-10-03 13:01:57] [TRACE]   [OmnipathR] JSON validation successful: TRUE
[2025-10-03 13:01:58] [INFO]    [OmnipathR] Cache item `30e690cbb55dfc63b5903ab337f34ffc2f4be397` version 1: status changed from `unknown` to `started`.
[2025-10-03 13:01:58] [TRACE]   [OmnipathR] Exporting object to RDS: `/home/acari/.cache/OmnipathR/30e690cbb55dfc63b5903ab337f34ffc2f4be397-1.rds`.
[2025-10-03 13:01:58] [INFO]    [OmnipathR] Retrieving URL: `https://omabrowser.org/All/oma-species.txt`
[2025-10-03 13:01:58] [TRACE]   [OmnipathR] Attempt 1/3: `https://omabrowser.org/All/oma-species.txt`
[2025-10-03 13:01:58] [TRACE]   [OmnipathR] HTTP request by `omnipath_curl`.
[2025-10-03 13:01:58] [TRACE]   [OmnipathR] The following curl options are not available: tcp_keepcnt
[2025-10-03 13:01:58] [TRACE]   [OmnipathR] Curl options: [connecttimeout=10,timeout=300,debugfunction=<function>,verbose=FALSE,tcp_keepalive=TRUE,tcp_keepintvl=10,tcp_keepidle=10,upkeep_interval_ms=30000,ssl_verifypeer=1,ssl_verifyhost=2]
[2025-10-03 13:01:58] [TRACE]   [OmnipathR] HTTP v2 GET: status 200.
[2025-10-03 13:01:58] [TRACE]   [OmnipathR] Downloaded 8.7 Kb in 0.272144s from omabrowser.org (31.9 Kb/s); Redirect: 0s, DNS look up: 0.067501s, Connection: 0.115696s, Pretransfer: 0.219462s, First byte at: 0.271409s
[2025-10-03 13:01:58] [TRACE]   [OmnipathR] HTTP headers: HTTP/2 200 ; date: Fri, 03 Oct 2025 10:01:58 GMT; server: nginx; strict-transport-security: max-age=31536000; includeSubDomains; content-type: text/plain; charset=UTF-8; last-modified: Wed, 20 Nov 2024 10:20:02 GMT; etag: W/"673db7d2-6517f"; access-control-allow-origin: *; content-encoding: gzip
[2025-10-03 13:01:58] [TRACE]   [OmnipathR] Exported RDS to `/home/acari/.cache/OmnipathR/30e690cbb55dfc63b5903ab337f34ffc2f4be397-1.rds`.
[2025-10-03 13:01:58] [INFO]    [OmnipathR] Download ready [key=30e690cbb55dfc63b5903ab337f34ffc2f4be397, version=1]
[2025-10-03 13:01:58] [TRACE]   [OmnipathR] Reading JSON from `/home/acari/.cache/OmnipathR/cache.json` (encoding: UTF-8).
[2025-10-03 13:01:58] [TRACE]   [OmnipathR] JSON validation successful: TRUE
[2025-10-03 13:01:58] [INFO]    [OmnipathR] Cache item `30e690cbb55dfc63b5903ab337f34ffc2f4be397` version 1: status changed from `started` to `ready`.
[2025-10-03 13:01:59] [INFO]    [OmnipathR] Loaded database `Ensembl and OMA organism names`.
[2025-10-03 13:01:59] [TRACE]   [OmnipathR] Processing args for OmniPath query
[2025-10-03 13:01:59] [TRACE]   [OmnipathR] Arguments for OmniPath query: [wide=TRUE,resources=PROGENy,query_type=annotations]
[2025-10-03 13:01:59] [TRACE]   [OmnipathR] Organism(s): 9606
[2025-10-03 13:01:59] [TRACE]   [OmnipathR] Orthology targets: 
[2025-10-03 13:01:59] [TRACE]   [OmnipathR] Reading JSON from `https://omnipathdb.org/resources` (encoding: UTF-8).
[2025-10-03 13:01:59] [TRACE]   [OmnipathR] JSON validation successful: TRUE
[2025-10-03 13:01:59] [TRACE]   [OmnipathR] Looking up in cache: `https://omnipathdb.org/annotations?resources=PROGENy&license=academic`
[2025-10-03 13:01:59] [INFO]    [OmnipathR] Cache record does not exist: `https://omnipathdb.org/annotations?resources=PROGENy&license=academic`
[2025-10-03 13:01:59] [TRACE]   [OmnipathR] Looking up in cache: `http://no-tls.omnipathdb.org/annotations?resources=PROGENy&license=academic`
[2025-10-03 13:01:59] [INFO]    [OmnipathR] Cache record does not exist: `http://no-tls.omnipathdb.org/annotations?resources=PROGENy&license=academic`
[2025-10-03 13:01:59] [TRACE]   [OmnipathR] Attempting `https://omnipathdb.org/annotations?resources=PROGENy&license=academic`
[2025-10-03 13:01:59] [INFO]    [OmnipathR] Retrieving URL: `https://omnipathdb.org/annotations?resources=PROGENy&license=academic`
[2025-10-03 13:01:59] [TRACE]   [OmnipathR] Attempt 1/3: `https://omnipathdb.org/annotations?resources=PROGENy&license=academic`
[2025-10-03 13:01:59] [TRACE]   [OmnipathR] HTTP request by `omnipath_curl`.
[2025-10-03 13:01:59] [TRACE]   [OmnipathR] The following curl options are not available: tcp_keepcnt
[2025-10-03 13:01:59] [TRACE]   [OmnipathR] Curl options: [connecttimeout=10,timeout=300,debugfunction=<function>,verbose=FALSE,tcp_keepalive=TRUE,tcp_keepintvl=10,tcp_keepidle=10,upkeep_interval_ms=30000,ssl_verifypeer=1,ssl_verifyhost=2]
[2025-10-03 13:01:59] [TRACE]   [OmnipathR] HTTP v1 GET: status 200.
[2025-10-03 13:01:59] [TRACE]   [OmnipathR] Downloaded 15.7 Kb in 0.295608s from omnipathdb.org (53 Kb/s); Redirect: 0s, DNS look up: 0.037768s, Connection: 0.091239s, Pretransfer: 0.185901s, First byte at: 0.29443s
[2025-10-03 13:01:59] [TRACE]   [OmnipathR] HTTP headers: HTTP/1.1 200 OK; Server: nginx; Date: Fri, 03 Oct 2025 10:01:59 GMT; Content-Type: text/plain; charset=utf-8; Transfer-Encoding: chunked; Connection: keep-alive; Cache-Control: max-age=3600; Access-Control-Allow-Origin: *; Expires: Fri, 03 Oct 2025 11:01:59 GMT; Cache-Control: public; X-Frame-Options: DENY; Content-Encoding: gzip
[2025-10-03 13:02:01] [INFO]    [OmnipathR] Successfully retrieved: `https://omnipathdb.org/annotations?resources=PROGENy&license=academic`
[2025-10-03 13:02:01] [TRACE]   [OmnipathR] Reading JSON from `/home/acari/.cache/OmnipathR/cache.json` (encoding: UTF-8).
[2025-10-03 13:02:01] [TRACE]   [OmnipathR] JSON validation successful: TRUE
[2025-10-03 13:02:01] [TRACE]   [OmnipathR] Reading JSON from `/home/acari/.cache/OmnipathR/cache.json` (encoding: UTF-8).
[2025-10-03 13:02:01] [TRACE]   [OmnipathR] JSON validation successful: TRUE
[2025-10-03 13:02:01] [INFO]    [OmnipathR] Cache item `3492392585ba05414edfae46801492076437d7e7` version 1: status changed from `unknown` to `started`.
[2025-10-03 13:02:01] [TRACE]   [OmnipathR] Exporting object to RDS: `/home/acari/.cache/OmnipathR/3492392585ba05414edfae46801492076437d7e7-1.rds`.
[2025-10-03 13:02:02] [TRACE]   [OmnipathR] Exported RDS to `/home/acari/.cache/OmnipathR/3492392585ba05414edfae46801492076437d7e7-1.rds`.
[2025-10-03 13:02:02] [INFO]    [OmnipathR] Download ready [key=3492392585ba05414edfae46801492076437d7e7, version=1]
[2025-10-03 13:02:02] [TRACE]   [OmnipathR] Reading JSON from `/home/acari/.cache/OmnipathR/cache.json` (encoding: UTF-8).
[2025-10-03 13:02:02] [TRACE]   [OmnipathR] JSON validation successful: TRUE
[2025-10-03 13:02:02] [INFO]    [OmnipathR] Cache item `3492392585ba05414edfae46801492076437d7e7` version 1: status changed from `started` to `ready`.
[2025-10-03 13:02:02] [SUCCESS] [OmnipathR] Downloaded 699831 annotation records.
[2025-10-03 14:12:30] [TRACE]   [OmnipathR] Reading JSON from `https://omnipathdb.org/resources` (encoding: UTF-8).
[2025-10-03 14:12:30] [TRACE]   [OmnipathR] JSON validation successful: TRUE
[2025-10-03 14:12:30] [TRACE]   [OmnipathR] Processing args for OmniPath query
[2025-10-03 14:12:30] [TRACE]   [OmnipathR] Arguments for OmniPath query: [wide=TRUE,resources=PROGENy,query_type=annotations]
[2025-10-03 14:12:30] [TRACE]   [OmnipathR] Organism(s): 9606
[2025-10-03 14:12:30] [TRACE]   [OmnipathR] Orthology targets: 
[2025-10-03 14:12:30] [TRACE]   [OmnipathR] Reading JSON from `https://omnipathdb.org/resources` (encoding: UTF-8).
[2025-10-03 14:12:30] [TRACE]   [OmnipathR] JSON validation successful: TRUE
[2025-10-03 14:12:30] [TRACE]   [OmnipathR] Looking up in cache: `https://omnipathdb.org/annotations?resources=PROGENy&license=academic`
[2025-10-03 14:12:31] [TRACE]   [OmnipathR] Loaded data from RDS `/home/acari/.cache/OmnipathR/3492392585ba05414edfae46801492076437d7e7-1.rds`.
[2025-10-03 14:12:31] [INFO]    [OmnipathR] Loaded from cache: `https://omnipathdb.org/annotations?resources=PROGENy&license=academic`
[2025-10-03 14:12:31] [SUCCESS] [OmnipathR] Loaded 699831 annotation records from cache.
[2025-10-03 14:12:48] [TRACE]   [OmnipathR] Reading JSON from `https://omnipathdb.org/resources` (encoding: UTF-8).
[2025-10-03 14:12:48] [TRACE]   [OmnipathR] JSON validation successful: TRUE
[2025-10-03 14:12:48] [TRACE]   [OmnipathR] Processing args for OmniPath query
[2025-10-03 14:12:48] [TRACE]   [OmnipathR] Arguments for OmniPath query: [wide=TRUE,resources=PROGENy,query_type=annotations]
[2025-10-03 14:12:48] [TRACE]   [OmnipathR] Organism(s): 9606
[2025-10-03 14:12:48] [TRACE]   [OmnipathR] Orthology targets: 
[2025-10-03 14:12:48] [TRACE]   [OmnipathR] Reading JSON from `https://omnipathdb.org/resources` (encoding: UTF-8).
[2025-10-03 14:12:48] [TRACE]   [OmnipathR] JSON validation successful: TRUE
[2025-10-03 14:12:48] [TRACE]   [OmnipathR] Looking up in cache: `https://omnipathdb.org/annotations?resources=PROGENy&license=academic`
[2025-10-03 14:12:49] [TRACE]   [OmnipathR] Loaded data from RDS `/home/acari/.cache/OmnipathR/3492392585ba05414edfae46801492076437d7e7-1.rds`.
[2025-10-03 14:12:49] [INFO]    [OmnipathR] Loaded from cache: `https://omnipathdb.org/annotations?resources=PROGENy&license=academic`
[2025-10-03 14:12:49] [SUCCESS] [OmnipathR] Loaded 699831 annotation records from cache.
[2025-10-03 14:13:34] [TRACE]   [OmnipathR] Reading JSON from `https://omnipathdb.org/resources` (encoding: UTF-8).
[2025-10-03 14:13:34] [TRACE]   [OmnipathR] JSON validation successful: TRUE
[2025-10-03 14:13:34] [TRACE]   [OmnipathR] Processing args for OmniPath query
[2025-10-03 14:13:34] [TRACE]   [OmnipathR] Arguments for OmniPath query: [wide=TRUE,resources=PROGENy,query_type=annotations]
[2025-10-03 14:13:34] [TRACE]   [OmnipathR] Organism(s): 9606
[2025-10-03 14:13:34] [TRACE]   [OmnipathR] Orthology targets: 
[2025-10-03 14:13:34] [TRACE]   [OmnipathR] Reading JSON from `https://omnipathdb.org/resources` (encoding: UTF-8).
[2025-10-03 14:13:34] [TRACE]   [OmnipathR] JSON validation successful: TRUE
[2025-10-03 14:13:34] [TRACE]   [OmnipathR] Looking up in cache: `https://omnipathdb.org/annotations?resources=PROGENy&license=academic`
[2025-10-03 14:13:34] [TRACE]   [OmnipathR] Loaded data from RDS `/home/acari/.cache/OmnipathR/3492392585ba05414edfae46801492076437d7e7-1.rds`.
[2025-10-03 14:13:34] [INFO]    [OmnipathR] Loaded from cache: `https://omnipathdb.org/annotations?resources=PROGENy&license=academic`
[2025-10-03 14:13:34] [SUCCESS] [OmnipathR] Loaded 699831 annotation records from cache.
[2025-10-03 14:26:40] [TRACE]   [OmnipathR] Reading JSON from `https://omnipathdb.org/resources` (encoding: UTF-8).
[2025-10-03 14:26:40] [TRACE]   [OmnipathR] JSON validation successful: TRUE
[2025-10-03 14:26:40] [TRACE]   [OmnipathR] Processing args for OmniPath query
[2025-10-03 14:26:40] [TRACE]   [OmnipathR] Arguments for OmniPath query: [wide=TRUE,resources=PROGENy,query_type=annotations]
[2025-10-03 14:26:40] [TRACE]   [OmnipathR] Organism(s): 9606
[2025-10-03 14:26:40] [TRACE]   [OmnipathR] Orthology targets: 
[2025-10-03 14:26:42] [TRACE]   [OmnipathR] Reading JSON from `https://omnipathdb.org/resources` (encoding: UTF-8).
[2025-10-03 14:26:42] [TRACE]   [OmnipathR] JSON validation successful: TRUE
[2025-10-03 14:26:42] [TRACE]   [OmnipathR] Looking up in cache: `https://omnipathdb.org/annotations?resources=PROGENy&license=academic`
[2025-10-03 14:26:43] [TRACE]   [OmnipathR] Loaded data from RDS `/home/acari/.cache/OmnipathR/3492392585ba05414edfae46801492076437d7e7-1.rds`.
[2025-10-03 14:26:43] [INFO]    [OmnipathR] Loaded from cache: `https://omnipathdb.org/annotations?resources=PROGENy&license=academic`
[2025-10-03 14:26:43] [SUCCESS] [OmnipathR] Loaded 699831 annotation records from cache.
[2025-10-03 15:04:05] [TRACE]   [OmnipathR] Reading JSON from `https://omnipathdb.org/resources` (encoding: UTF-8).
[2025-10-03 15:04:05] [TRACE]   [OmnipathR] JSON validation successful: TRUE
[2025-10-03 15:04:05] [TRACE]   [OmnipathR] Processing args for OmniPath query
[2025-10-03 15:04:05] [TRACE]   [OmnipathR] Arguments for OmniPath query: [wide=TRUE,resources=PROGENy,query_type=annotations]
[2025-10-03 15:04:05] [TRACE]   [OmnipathR] Organism(s): 9606
[2025-10-03 15:04:05] [TRACE]   [OmnipathR] Orthology targets: 
[2025-10-03 15:04:05] [TRACE]   [OmnipathR] Reading JSON from `https://omnipathdb.org/resources` (encoding: UTF-8).
[2025-10-03 15:04:05] [TRACE]   [OmnipathR] JSON validation successful: TRUE
[2025-10-03 15:04:05] [TRACE]   [OmnipathR] Looking up in cache: `https://omnipathdb.org/annotations?resources=PROGENy&license=academic`
[2025-10-03 15:04:06] [TRACE]   [OmnipathR] Loaded data from RDS `/home/acari/.cache/OmnipathR/3492392585ba05414edfae46801492076437d7e7-1.rds`.
[2025-10-03 15:04:06] [INFO]    [OmnipathR] Loaded from cache: `https://omnipathdb.org/annotations?resources=PROGENy&license=academic`
[2025-10-03 15:04:06] [SUCCESS] [OmnipathR] Loaded 699831 annotation records from cache.
[2025-10-03 15:04:36] [TRACE]   [OmnipathR] Reading JSON from `https://omnipathdb.org/resources` (encoding: UTF-8).
[2025-10-03 15:04:36] [TRACE]   [OmnipathR] JSON validation successful: TRUE
[2025-10-03 15:04:36] [TRACE]   [OmnipathR] Processing args for OmniPath query
[2025-10-03 15:04:36] [TRACE]   [OmnipathR] Arguments for OmniPath query: [wide=TRUE,resources=PROGENy,query_type=annotations]
[2025-10-03 15:04:36] [TRACE]   [OmnipathR] Organism(s): 9606
[2025-10-03 15:04:36] [TRACE]   [OmnipathR] Orthology targets: 
[2025-10-03 15:04:36] [TRACE]   [OmnipathR] Reading JSON from `https://omnipathdb.org/resources` (encoding: UTF-8).
[2025-10-03 15:04:36] [TRACE]   [OmnipathR] JSON validation successful: TRUE
[2025-10-03 15:04:36] [TRACE]   [OmnipathR] Looking up in cache: `https://omnipathdb.org/annotations?resources=PROGENy&license=academic`
[2025-10-03 15:04:37] [TRACE]   [OmnipathR] Loaded data from RDS `/home/acari/.cache/OmnipathR/3492392585ba05414edfae46801492076437d7e7-1.rds`.
[2025-10-03 15:04:37] [INFO]    [OmnipathR] Loaded from cache: `https://omnipathdb.org/annotations?resources=PROGENy&license=academic`
[2025-10-03 15:04:37] [SUCCESS] [OmnipathR] Loaded 699831 annotation records from cache.
[2025-10-03 15:04:51] [TRACE]   [OmnipathR] Reading JSON from `https://omnipathdb.org/resources` (encoding: UTF-8).
[2025-10-03 15:04:51] [TRACE]   [OmnipathR] JSON validation successful: TRUE
[2025-10-03 15:04:51] [TRACE]   [OmnipathR] Processing args for OmniPath query
[2025-10-03 15:04:51] [TRACE]   [OmnipathR] Arguments for OmniPath query: [wide=TRUE,resources=PROGENy,query_type=annotations]
[2025-10-03 15:04:51] [TRACE]   [OmnipathR] Organism(s): 9606
[2025-10-03 15:04:51] [TRACE]   [OmnipathR] Orthology targets: 
[2025-10-03 15:04:52] [TRACE]   [OmnipathR] Reading JSON from `https://omnipathdb.org/resources` (encoding: UTF-8).
[2025-10-03 15:04:52] [TRACE]   [OmnipathR] JSON validation successful: TRUE
[2025-10-03 15:04:52] [TRACE]   [OmnipathR] Looking up in cache: `https://omnipathdb.org/annotations?resources=PROGENy&license=academic`
[2025-10-03 15:04:52] [TRACE]   [OmnipathR] Loaded data from RDS `/home/acari/.cache/OmnipathR/3492392585ba05414edfae46801492076437d7e7-1.rds`.
[2025-10-03 15:04:52] [INFO]    [OmnipathR] Loaded from cache: `https://omnipathdb.org/annotations?resources=PROGENy&license=academic`
[2025-10-03 15:04:52] [SUCCESS] [OmnipathR] Loaded 699831 annotation records from cache.
[2025-10-03 18:04:57] [TRACE]   [OmnipathR] Removing database `Ensembl and OMA organism names` (not used in the past 10800 seconds)
